Starting Dynare (version master-2017-05-12-ae50f25).
Starting preprocessing of the model file ...
Substitution of endo leads >= 2: added 273 auxiliary variables and equations.
Substitution of endo lags >= 2: added 156 auxiliary variables and equations.
Found 725 equation(s).
Evaluating expressions...done
Computing static model derivatives:
 - order 1
Computing dynamic model derivatives:
 - order 1
 - order 2
Processing outputs ...
done
Preprocessing completed.

STEADY-STATE RESULTS:

BLT_BAR_US         		 10.65
BLT_US             		 10.65
BLT_BAR_EU         		 3
BLT_EU             		 3
BLT_BAR_JA         		 4
BLT_JA             		 4
DOT_LZ_BAR_EA6     		 0
DOT_LZ_BAR_LA6     		 0
DOT_LZ_BAR_RC6     		 0
DOT_REER_M_BAR_EA6 		 0
DOT_REER_M_BAR_EU  		 0
DOT_REER_M_BAR_JA  		 0
DOT_REER_M_BAR_LA6 		 0
DOT_REER_M_BAR_RC6 		 0
DOT_REER_M_BAR_US  		 0
DRS_EA6            		 0
DRS_EU             		 0
DRS_JA             		 0
DRS_LA6            		 0
DRS_RC6            		 0
DRS_US             		 0
E2_EU              		 0
E_EU               		 0
E2_JA              		 0
E_JA               		 0
E2_US              		 0
E_US               		 0
FACT_EA6           		 0
FACT_EU            		 0
FACT_JA            		 0
FACT_LA6           		 0
FACT_RC6           		 0
FACT_US            		 0
GROWTH4_BAR_EA6    		 6
GROWTH4_BAR_EU     		 2.2614
GROWTH4_BAR_JA     		 1.4444
GROWTH4_BAR_LA6    		 6
GROWTH4_BAR_RC6    		 6
GROWTH4_BAR_US     		 2.2729
GROWTH4_EA6        		 6
GROWTH4_EU         		 2.2614
GROWTH4_JA         		 1.4444
GROWTH4_LA6        		 6
GROWTH4_RC6        		 6
GROWTH4_US         		 2.2729
GROWTH_BAR_EA6     		 6
GROWTH_BAR_EU      		 2.2614
GROWTH_BAR_JA      		 1.4444
GROWTH_BAR_LA6     		 6
GROWTH_BAR_RC6     		 6
GROWTH_BAR_US      		 2.2729
GROWTH_EA6         		 6
GROWTH_EU          		 2.2614
GROWTH_JA          		 1.4444
GROWTH_LA6         		 6
GROWTH_RC6         		 6
GROWTH_US          		 2.2729
G_EA6              		 6
G_EU               		 2.2614
G_JA               		 1.4444
G_LA6              		 6
G_RC6              		 6
G_US               		 2.2729
LCPI_EA6           		 58.1948
LCPI_EU            		 29.0176
LCPI_JA            		 -1.10101
LCPI_LA6           		 119.542
LCPI_RC6           		 132.452
LCPI_US            		 36.6423
LGDP_BAR_EA6       		 92.866
LGDP_BAR_EU        		 753.729
LGDP_BAR_JA        		 1319.89
LGDP_BAR_LA6       		 48.6312
LGDP_BAR_RC6       		 11.9303
LGDP_BAR_US        		 948.332
LGDP_EA6           		 92.866
LGDP_EU            		 753.729
LGDP_JA            		 1319.89
LGDP_LA6           		 48.6312
LGDP_RC6           		 11.9303
LGDP_US            		 948.332
LS_EA6             		 139.633
LS_EU              		 -32.562
LS_JA              		 450.704
LS_LA6             		 1761.99
LS_RC6             		 94.5128
LZ_BAR_EA6         		 118.081
LZ_BAR_EU          		 -24.9373
LZ_BAR_JA          		 488.448
LZ_BAR_LA6         		 1679.09
LZ_BAR_RC6         		 -1.29693
LZ_EA6             		 118.081
LZ_EU              		 -24.9373
LZ_JA              		 488.448
LZ_LA6             		 1679.09
LZ_RC6             		 -1.29693
LZ_E_EA6           		 118.081
LZ_E_EU            		 -24.9373
LZ_E_JA            		 488.448
LZ_E_LA6           		 1679.09
LZ_E_RC6           		 -1.29693
LZ_GAP_EA6         		 0
LZ_GAP_EU          		 0
LZ_GAP_JA          		 0
LZ_GAP_LA6         		 0
LZ_GAP_RC6         		 0
PIE4_EA6           		 4
PIE4_EU            		 1.9
PIE4_JA            		 1
PIE4_LA6           		 3.5
PIE4_RC6           		 4.5
PIE4_US            		 2.5
PIETAR_EA6         		 4
PIETAR_EU          		 1.9
PIETAR_JA          		 1
PIETAR_LA6         		 3.5
PIETAR_RC6         		 4.5
PIETAR_US          		 2.5
PIE_EA6            		 4
PIE_EU             		 1.9
PIE_JA             		 1
PIE_LA6            		 3.5
PIE_RC6            		 4.5
PIE_US             		 2.5
REER_M_BAR_EA6     		 -116.081
REER_M_BAR_EU      		 -160.064
REER_M_BAR_JA      		 360.371
REER_M_BAR_LA6     		 1625.52
REER_M_BAR_RC6     		 -116.151
REER_M_BAR_US      		 -322.889
REER_M_EA6         		 -116.081
REER_M_EU          		 -160.064
REER_M_JA          		 360.371
REER_M_LA6         		 1625.52
REER_M_RC6         		 -116.151
REER_M_US          		 -322.889
REER_T_BAR_EA6     		 -69.9305
REER_T_BAR_EU      		 -141.6
REER_T_BAR_JA      		 381.502
REER_T_BAR_LA6     		 1643.1
REER_T_BAR_RC6     		 -92.8488
REER_T_BAR_US      		 -338.235
REER_T_EA6         		 -69.9305
REER_T_EU          		 -141.6
REER_T_JA          		 381.502
REER_T_LA6         		 1643.1
REER_T_RC6         		 -92.8488
REER_T_US          		 -338.235
RESN_RS_EA6        		 0
RESN_RS_LA6        		 0
RESN_RS_RC6        		 0
RR_BAR_EA6         		 2
RR_BAR_EU          		 1.9837
RR_BAR_JA          		 1.3791
RR_BAR_LA6         		 2
RR_BAR_RC6         		 2
RR_BAR_US          		 1.7285
RR_EA6             		 2
RR_EU              		 1.9837
RR_JA              		 1.3791
RR_LA6             		 2
RR_RC6             		 2
RR_US              		 1.7285
RS_EA6             		 6
RS_EU              		 3.8837
RS_JA              		 2.3791
RS_LA6             		 5.5
RS_RC6             		 6.5
RS_US              		 4.2285
UNR_BAR_EU         		 9.9
UNR_BAR_JA         		 4.93444
UNR_BAR_US         		 9.7
UNR_EU             		 9.9
UNR_GAP_EU         		 0
UNR_GAP_JA         		 0
UNR_GAP_US         		 0
UNR_G_EU           		 0
UNR_G_JA           		 0
UNR_G_US           		 0
UNR_JA             		 4.93444
UNR_US             		 9.7
Y_EA6              		 0
Y_EU               		 0
Y_JA               		 0
Y_LA6              		 0
Y_RC6              		 0
Y_US               		 0
FACT_RES_US        		 0
FACT_RES_EU        		 0
FACT_RES_JA        		 0
FACT_RES_EA6       		 0
FACT_RES_LA6       		 0
FACT_RES_RC6       		 0
RESN_YY_US         		 0
RESN_YY_EU         		 0
RESN_YY_JA         		 0
RESN_YY_EA6        		 0
RESN_YY_LA6        		 0
RESN_YY_RC6        		 0
RESN_Y_US          		 0
RESN_Y_EU          		 0
RESN_Y_JA          		 0
RESN_Y_EA6         		 0
RESN_Y_LA6         		 0
RESN_Y_RC6         		 0
E2_EA6             		 0
E2_LA6             		 0
E2_RC6             		 0
RESN_RR_DIFF_EA6   		 0
RESN_RR_DIFF_EU    		 0
RESN_RR_DIFF_JA    		 0
RESN_RR_DIFF_LA6   		 0
RESN_RR_DIFF_RC6   		 0
E1_PIE_EA6         		 4
E1_PIE_EU          		 1.9
E1_PIE_JA          		 1
E1_PIE_LA6         		 3.5
E1_PIE_RC6         		 4.5
E1_PIE_US          		 2.5
E1_Y_EA6           		 0
E1_Y_EU            		 0
E1_Y_JA            		 0
E1_Y_LA6           		 0
E1_Y_RC6           		 0
E1_Y_US            		 0
E4_Y_EA6           		 0
E4_Y_EU            		 0
E4_Y_JA            		 0
E4_Y_LA6           		 0
E4_Y_RC6           		 0
E4_Y_US            		 0
E8_Y_EA6           		 0
E8_Y_EU            		 0
E8_Y_JA            		 0
E8_Y_LA6           		 0
E8_Y_RC6           		 0
E8_Y_US            		 0
E4_PIE4_EA6        		 4
E4_PIE4_EU         		 1.9
E4_PIE4_JA         		 1
E4_PIE4_LA6        		 3.5
E4_PIE4_RC6        		 4.5
E4_PIE4_US         		 2.5
E3_PIE4_EA6        		 4
E3_PIE4_EU         		 1.9
E3_PIE4_JA         		 1
E3_PIE4_LA6        		 3.5
E3_PIE4_RC6        		 4.5
E3_PIE4_US         		 2.5
REER_T_GAP_EA6     		 0
REER_T_GAP_EU      		 0
REER_T_GAP_JA      		 0
REER_T_GAP_LA6     		 0
REER_T_GAP_RC6     		 0
REER_T_GAP_US      		 0
DOT_REER_M_EA6     		 0
DOT_REER_M_EU      		 0
DOT_REER_M_JA      		 0
DOT_REER_M_LA6     		 0
DOT_REER_M_RC6     		 0
DOT_REER_M_US      		 0
RR4_US             		 1.7285
RR4_BAR_US         		 1.7285
RR4_EU             		 1.9837
RR4_BAR_EU         		 1.9837
RR4_JA             		 1.3791
RR4_BAR_JA         		 1.3791
RR4_EA6            		 2
RR4_BAR_EA6        		 2
RR4_LA6            		 2
RR4_BAR_LA6        		 2
RR4_RC6            		 2
RR4_BAR_RC6        		 2
LRR_US             		 1.7285
LRR_BAR_US         		 1.7285
LRR_EU             		 1.9837
LRR_BAR_EU         		 1.9837
LRR_JA             		 1.3791
LRR_BAR_JA         		 1.3791
LRR_EA6            		 2
LRR_BAR_EA6        		 2
LRR_LA6            		 2
LRR_BAR_LA6        		 2
LRR_RC6            		 2
LRR_BAR_RC6        		 2
LRR_GAP_US         		 0
LRR_GAP_EU         		 0
LRR_GAP_JA         		 0
LRR_GAP_EA6        		 0
LRR_GAP_LA6        		 0
LRR_GAP_RC6        		 0
interest           		 0
inflation          		 0
inflationq         		 0
outputgap          		 0
output             		 0
Total computing time : 0h00m01s
