Starting Dynare (version master-2017-05-12-ae50f25).
Starting preprocessing of the model file ...
Substitution of endo leads >= 2: added 17 auxiliary variables and equations.
Substitution of endo lags >= 2: added 22 auxiliary variables and equations.
Found 249 equation(s).
Evaluating expressions...done
Computing static model derivatives:
 - order 1
Computing dynamic model derivatives:
 - order 1
 - order 2
Processing outputs ...
done
Preprocessing completed.

STEADY-STATE RESULTS:

q                    		 0
c                    		 0.647715
d                    		 1.93913
c_borr               		 0.0948036
d_borr               		 1.87371
dpd                  		 0
dpc                  		 0
dph                  		 0
lc_tot               		 0.465857
ld_tot               		 -2.28568
l                    		 0.632448
l_borr               		 0.339492
lc                   		 0.570572
ld                   		 -2.18096
lc_borr              		 0.277616
ld_borr              		 -2.47392
wc                   		 -0.105361
wd                   		 -0.105361
yc                   		 0.465857
yd                   		 -2.28568
varrho               		 0.349543
inv                  		 -2.26058
varrho_borr          		 0.245798
inv_borr             		 -2.32599
q_s                  		 0
c_s                  		 0.647715
d_s                  		 1.93913
c_s_borr             		 0.0948036
d_s_borr             		 1.87371
dpd_s                		 0
dpc_s                		 0
dpf                  		 0
lc_s_tot             		 0.465857
ld_s_tot             		 -2.28568
l_s                  		 0.632448
l_s_borr             		 0.339492
lc_s                 		 0.570572
ld_s                 		 -2.18096
lc_s_borr            		 0.277616
ld_s_borr            		 -2.47392
wc_s                 		 -0.105361
wd_s                 		 -0.105361
yc_s                 		 0.465857
yd_s                 		 -2.28568
varrho_s             		 0.349543
inv_s                		 -2.26058
varrho_s_borr        		 0.245798
inv_s_borr           		 -2.32599
ch                   		 0.403981
cf                   		 -2.34755
c_tot                		 0.465857
ch_s                 		 -1.94209
cf_s                 		 0.371546
c_s_tot              		 0.465857
s_s_borr             		 1.50073
s_borr               		 1.50073
r                    		 0.0100503
r_s                  		 0.0100503
omegaa               		 -0.356675
omegaa_s             		 -0.356675
omegap               		 -0.356675
omegap_s             		 -0.356675
Fa                   		 -3.68888
Fa_s                 		 -3.68888
Fp                   		 -3.68888
Fp_s                 		 -3.68888
Ga                   		 -4.10967
Ga_s                 		 -4.10967
Gp                   		 -4.10967
Gp_s                 		 -4.10967
terms                		 0
dpemu                		 0
b                    		 0
rl                   		 0.0163119
rl_s                 		 0.0163119
rd                   		 -3.73668
rd_s                 		 -3.73668
y                    		 0.527732
y_s                  		 0.527732
y_emu                		 0.527732
yctilde              		 0.465857
yctilde_s            		 0.465857
ydtilde              		 -2.28568
ydtilde_s            		 -2.28568
phtilde              		 0
pftilde              		 0
pdtilde              		 0
pdtilde_s            		 0
XC1                  		 1.94593
XC2                  		 2.05129
XC1_s                		 2.24292
XC2_s                		 2.34829
XD1                  		 -0.753063
XD2                  		 -0.647703
XD1_s                		 -0.884744
XD2_s                		 -0.779384
mcc                  		 -0.105361
mcc_s                		 -0.105361
mcd                  		 -0.105361
mcd_s                		 -0.105361
mautil               		 0.620618
mautil_s             		 0.620618
vc                   		 0
vc_s                 		 0
vd                   		 0
vd_s                 		 0
util                 		 -1.72938
util_borr            		 -1.08955
welf                 		 -172.938
welf_borr            		 -74.373
util_s               		 -1.72938
util_s_borr          		 -1.08955
welf_s               		 -172.938
welf_s_borr          		 -74.373
welf_cor             		 -134.35
welf_per             		 -134.35
welf_emu             		 -134.35
eta                  		 0
eta_s                		 0
return_default       		 -3.95983
return_nondefault    		 -0.00900587
return_default_s     		 -3.95983
return_nondefault_s  		 -0.00900587
prefd                		 0
prefd_s              		 0
premium              		 0
risk                 		 -1.74735
risk_s               		 -1.74735
prefc                		 0
prefc_s              		 0
techc                		 0
techd                		 0
techc_s              		 0
techd_s              		 0
cff                  		 0.647715
qf                   		 0
varrhof              		 0.349543
invf                 		 -2.26058
df                   		 1.93913
rf                   		 0.0100503
lf                   		 0.632448
lcf                  		 0.570572
wcf                  		 -0.105361
ldf                  		 -2.18096
wdf                  		 -0.105361
cff_s                		 0.647715
qf_s                 		 0
varrhof_s            		 0.349543
invf_s               		 -2.26058
df_s                 		 1.93913
rf_s                 		 0.0100503
lf_s                 		 0.632448
lcf_s                		 0.570572
wcf_s                		 -0.105361
ldf_s                		 -2.18096
wdf_s                		 -0.105361
ycf                  		 0.465857
ydf                  		 -2.28568
yf                   		 0.527732
y_emuf               		 0.527732
ycf_s                		 0.465857
ydf_s                		 -2.28568
yf_s                 		 0.527732
cff_borr             		 0.0948036
cff_s_borr           		 0.0948036
varrhof_borr         		 0.245798
varrhof_s_borr       		 0.245798
invf_borr            		 -2.32599
invf_s_borr          		 -2.32599
df_borr              		 1.87371
df_s_borr            		 1.87371
lf_borr              		 0.339492
lcf_borr             		 0.277616
ldf_borr             		 -2.47392
lf_s_borr            		 0.339492
lcf_s_borr           		 0.277616
ldf_s_borr           		 -2.47392
sf_borr              		 1.50073
sf_s_borr            		 1.50073
lcf_tot              		 0.465857
lcf_s_tot            		 0.465857
ldf_tot              		 -2.28568
ldf_s_tot            		 -2.28568
cff_tot              		 0.465857
cff_s_tot            		 0.465857
rdf                  		 -3.73668
rdf_s                		 -3.73668
rlf                  		 0.0163119
rlf_s                		 0.0163119
Faf                  		 -3.68888
Fpf                  		 -3.68888
return_defaultf      		 -3.95983
return_nondefaultf   		 -0.00900587
Gpf                  		 -4.10967
Gaf                  		 -4.10967
omegaaf              		 -0.356675
omegapf              		 -0.356675
Faf_s                		 -3.68888
Fpf_s                		 -3.68888
return_defaultf_s    		 -3.95983
return_nondefaultf_s 		 -0.00900587
Gpf_s                		 -4.10967
Gaf_s                		 -4.10967
omegaaf_s            		 -0.356675
omegapf_s            		 -0.356675
interest             		 0
inflation            		 0
inflationq           		 0
output               		 0
outputgap            		 0
Total computing time : 0h00m01s
