Starting Dynare (version 4.4.3).
Starting preprocessing of the model file ...
Substitution of endo leads >= 2: added 9 auxiliary variables and equations.
Substitution of endo lags >= 2: added 12 auxiliary variables and equations.
Found 79 equation(s).
Evaluating expressions...done
Computing static model derivatives:
 - order 1
Computing dynamic model derivatives:
 - order 1
 - order 2
Processing outputs ...done
Preprocessing completed.
Starting MATLAB/Octave computing.

STEADY-STATE RESULTS:

c                 		 1.72001
consumption_obs   		 1
epsil             		 1
Fp                		 8.09892
Fw                		 2.32845
g                 		 0.771211
gdp_obs           		 1
h                 		 1.08818
hours_obs         		 1
i                 		 1.28368
inflation_obs     		 1
investment_obs    		 1
kbar              		 38.7956
lambdaf           		 1.2
lambdaz           		 0.557268
muup              		 1
muzstar           		 1.00412
phi               		 0.754979
pi                		 1.00601
pinvest_obs       		 1
pitarget          		 1.00601
pstar             		 1
q                 		 1
Re                		 0.0114707
Re_obs            		 1
RealRe_obs        		 1
rk                		 0.0392464
Rk                		 0.0114707
s                 		 0.833333
u                 		 1
wage_obs          		 1
wtilde            		 2.0814
wstar             		 1
zetac             		 1
zetai             		 1
y                 		 3.7749
cf                		 1.72001
hf                		 1.08818
i_f               		 1.28368
kbarf             		 38.7956
lambdazf          		 0.557268
phif              		 0.754979
qf                		 1
Ref               		 0.0114707
rkf               		 0.0392464
Rkf               		 0.0114707
sf                		 0.833333
uf                		 1
Fwf               		 0.438346
wtildef           		 2.0814
Fpf               		 2.10363
e_g               		 0
interest          		 0
inflation         		 0
inflationq        		 0
outputgap         		 0
output            		 0
fispol            		 0
Total computing time : 0h00m01s
